<?xml version="1.0" encoding="UTF-8"?>
<!-- Generated by org.testng.reporters.JUnitXMLReporter -->
<testsuite hostname="Monikas-MacBook-Air.local" ignored="0" name="Default test" tests="3" failures="0" timestamp="2020-05-24T06:24:48 IST" time="23.681" errors="0">
  <testcase name="unlistedproduct" time="4.176" classname="SearchFunctionality.kodo.UnlistedProduct"/>
  <testcase name="unlistedproduct" time="3.697" classname="SearchFunctionality.kodo.UnlistedProduct"/>
  <testcase name="unlistedproduct" time="3.646" classname="SearchFunctionality.kodo.UnlistedProduct"/>
</testsuite> <!-- Default test -->
