<?xml version="1.0" encoding="UTF-8"?>
<!-- Generated by org.testng.reporters.JUnitXMLReporter -->
<testsuite hostname="Monikas-MacBook-Air.local" ignored="0" name="ageValidation" tests="3" failures="0" timestamp="2020-05-25T13:16:37 IST" time="0.479" errors="0">
  <testcase name="womenDress" time="0.0" classname="SearchFunctionality.kodo.AgeValidation">
    <skipped/>
  </testcase> <!-- womenDress -->
  <testcase name="womenDress" time="0.0" classname="SearchFunctionality.kodo.AgeValidation">
    <skipped/>
  </testcase> <!-- womenDress -->
  <testcase name="womenDress" time="0.0" classname="SearchFunctionality.kodo.AgeValidation">
    <skipped/>
  </testcase> <!-- womenDress -->
</testsuite> <!-- ageValidation -->
