<?xml version="1.0" encoding="UTF-8"?>
<!-- Generated by org.testng.reporters.JUnitXMLReporter -->
<testsuite hostname="Monikas-MacBook-Air.local" ignored="0" name="BasicSearchFunctionality" tests="4" failures="0" timestamp="2020-05-25T13:15:41 IST" time="18.163" errors="0">
  <testcase name="blankSearchBar" time="0.894" classname="SearchFunctionality.kodo.BasicSearchFunctionality"/>
  <testcase name="searchBarVisibility" time="0.27" classname="SearchFunctionality.kodo.BasicSearchFunctionality"/>
  <testcase name="searchButtonKeyboradValidation" time="4.411" classname="SearchFunctionality.kodo.BasicSearchFunctionality"/>
  <testcase name="searchButtonValidation" time="1.696" classname="SearchFunctionality.kodo.BasicSearchFunctionality"/>
</testsuite> <!-- BasicSearchFunctionality -->
