<?xml version="1.0" encoding="UTF-8"?>
<!-- Generated by org.testng.reporters.JUnitXMLReporter -->
<testsuite hostname="Monikas-MacBook-Air.local" ignored="0" name="ColourValidation" tests="3" failures="0" timestamp="2020-05-25T13:19:59 IST" time="0.12" errors="0">
  <testcase name="colour" time="0.0" classname="SearchFunctionality.kodo.ColourValidation">
    <skipped/>
  </testcase> <!-- colour -->
  <testcase name="colour" time="0.0" classname="SearchFunctionality.kodo.ColourValidation">
    <skipped/>
  </testcase> <!-- colour -->
  <testcase name="colour" time="0.0" classname="SearchFunctionality.kodo.ColourValidation">
    <skipped/>
  </testcase> <!-- colour -->
</testsuite> <!-- ColourValidation -->
