<?xml version="1.0" encoding="UTF-8"?>
<!-- Generated by org.testng.reporters.JUnitXMLReporter -->
<testsuite hostname="Monikas-MacBook-Air.local" ignored="0" name="IncorrectInput" tests="3" failures="0" timestamp="2020-05-25T13:21:09 IST" time="0.022" errors="0">
  <testcase name="incorrectdata" time="0.0" classname="SearchFunctionality.kodo.IncorrectInput">
    <skipped/>
  </testcase> <!-- incorrectdata -->
  <testcase name="incorrectdata" time="0.0" classname="SearchFunctionality.kodo.IncorrectInput">
    <skipped/>
  </testcase> <!-- incorrectdata -->
  <testcase name="incorrectdata" time="0.0" classname="SearchFunctionality.kodo.IncorrectInput">
    <skipped/>
  </testcase> <!-- incorrectdata -->
</testsuite> <!-- IncorrectInput -->
