<?xml version="1.0" encoding="UTF-8"?>
<!-- Generated by org.testng.reporters.JUnitXMLReporter -->
<testsuite hostname="Monikas-MacBook-Air.local" ignored="0" name="PluralValidation" tests="2" failures="0" timestamp="2020-05-25T13:20:24 IST" time="0.086" errors="0">
  <testcase name="dresses" time="0.0" classname="SearchFunctionality.kodo.PluralValidation">
    <skipped/>
  </testcase> <!-- dresses -->
  <testcase name="tshirts" time="0.0" classname="SearchFunctionality.kodo.PluralValidation">
    <skipped/>
  </testcase> <!-- tshirts -->
</testsuite> <!-- PluralValidation -->
