<?xml version="1.0" encoding="UTF-8"?>
<!-- Generated by org.testng.reporters.JUnitXMLReporter -->
<testsuite hostname="Monikas-MacBook-Air.local" ignored="0" name="ProductCountValidation" tests="8" failures="0" timestamp="2020-05-25T13:20:59 IST" time="0.112" errors="0">
  <testcase name="clickDress" time="0.0" classname="SearchFunctionality.kodo.ProductCountValidation">
    <skipped/>
  </testcase> <!-- clickDress -->
  <testcase name="clickTShirts" time="0.0" classname="SearchFunctionality.kodo.ProductCountValidation">
    <skipped/>
  </testcase> <!-- clickTShirts -->
  <testcase name="clickWomen" time="0.0" classname="SearchFunctionality.kodo.ProductCountValidation">
    <skipped/>
  </testcase> <!-- clickWomen -->
  <testcase name="hoverAndEnterProduct" time="0.0" classname="SearchFunctionality.kodo.ProductCountValidation">
    <skipped/>
  </testcase> <!-- hoverAndEnterProduct -->
  <testcase name="hoverDresses" time="0.0" classname="SearchFunctionality.kodo.ProductCountValidation">
    <skipped/>
  </testcase> <!-- hoverDresses -->
  <testcase name="hoverWomen" time="0.0" classname="SearchFunctionality.kodo.ProductCountValidation">
    <skipped/>
  </testcase> <!-- hoverWomen -->
  <testcase name="searchElement" time="0.0" classname="SearchFunctionality.kodo.ProductCountValidation">
    <skipped/>
  </testcase> <!-- searchElement -->
  <testcase name="searchElement" time="0.0" classname="SearchFunctionality.kodo.ProductCountValidation">
    <skipped/>
  </testcase> <!-- searchElement -->
</testsuite> <!-- ProductCountValidation -->
