<?xml version="1.0" encoding="UTF-8"?>
<!-- Generated by org.testng.reporters.JUnitXMLReporter -->
<testsuite hostname="Monikas-MacBook-Air.local" ignored="0" name="RelevantProduct" tests="2" failures="0" timestamp="2020-05-25T13:20:44 IST" time="0.037" errors="0">
  <testcase name="correctName" time="0.0" classname="SearchFunctionality.kodo.RelevantProduct">
    <skipped/>
  </testcase> <!-- correctName -->
  <testcase name="correctName" time="0.0" classname="SearchFunctionality.kodo.RelevantProduct">
    <skipped/>
  </testcase> <!-- correctName -->
</testsuite> <!-- RelevantProduct -->
