<?xml version="1.0" encoding="UTF-8"?>
<!-- Generated by org.testng.reporters.JUnitXMLReporter -->
<testsuite hostname="Monikas-MacBook-Air.local" ignored="0" name="SessionValidation" tests="2" failures="0" timestamp="2020-05-25T13:18:53 IST" time="0.056" errors="0">
  <testcase name="SummerDress" time="0.0" classname="SearchFunctionality.kodo.SessionValidation">
    <skipped/>
  </testcase> <!-- SummerDress -->
  <testcase name="winterDress" time="0.0" classname="SearchFunctionality.kodo.SessionValidation">
    <skipped/>
  </testcase> <!-- winterDress -->
</testsuite> <!-- SessionValidation -->
