<?xml version="1.0" encoding="UTF-8"?>
<!-- Generated by org.testng.reporters.JUnitXMLReporter -->
<testsuite hostname="Monikas-MacBook-Air.local" ignored="0" name="SynonymsValidation" tests="3" failures="0" timestamp="2020-05-25T13:19:28 IST" time="0.069" errors="0">
  <testcase name="validation" time="0.0" classname="SearchFunctionality.kodo.SynonymsValidation">
    <skipped/>
  </testcase> <!-- validation -->
  <testcase name="validation" time="0.0" classname="SearchFunctionality.kodo.SynonymsValidation">
    <skipped/>
  </testcase> <!-- validation -->
  <testcase name="validation" time="0.0" classname="SearchFunctionality.kodo.SynonymsValidation">
    <skipped/>
  </testcase> <!-- validation -->
</testsuite> <!-- SynonymsValidation -->
