<?xml version="1.0" encoding="UTF-8"?>
<!-- Generated by org.testng.reporters.JUnitXMLReporter -->
<testsuite hostname="Monikas-MacBook-Air.local" ignored="0" name="UnlistedProduct" tests="3" failures="0" timestamp="2020-05-25T13:17:27 IST" time="0.229" errors="0">
  <testcase name="unlistedproduct" time="0.0" classname="SearchFunctionality.kodo.UnlistedProduct">
    <skipped/>
  </testcase> <!-- unlistedproduct -->
  <testcase name="unlistedproduct" time="0.0" classname="SearchFunctionality.kodo.UnlistedProduct">
    <skipped/>
  </testcase> <!-- unlistedproduct -->
  <testcase name="unlistedproduct" time="0.0" classname="SearchFunctionality.kodo.UnlistedProduct">
    <skipped/>
  </testcase> <!-- unlistedproduct -->
</testsuite> <!-- UnlistedProduct -->
