<?xml version="1.0" encoding="UTF-8"?>
<testng-results skipped="0" failed="0" ignored="0" total="3" passed="3">
  <reporter-output>
  </reporter-output>
  <suite name="Default suite" duration-ms="23681" started-at="2020-05-24T06:24:20 IST" finished-at="2020-05-24T06:24:43 IST">
    <groups>
    </groups>
    <test name="Default test" duration-ms="23681" started-at="2020-05-24T06:24:20 IST" finished-at="2020-05-24T06:24:43 IST">
      <class name="SearchFunctionality.kodo.UnlistedProduct">
        <test-method status="PASS" signature="browserinitiate()[pri:0, instance:SearchFunctionality.kodo.UnlistedProduct@7582ff54]" name="browserinitiate" is-config="true" duration-ms="5992" started-at="2020-05-24T06:24:20 IST" finished-at="2020-05-24T06:24:26 IST">
          <reporter-output>
          </reporter-output>
        </test-method> <!-- browserinitiate -->
        <test-method status="PASS" signature="unlistedproduct(java.lang.String)[pri:0, instance:SearchFunctionality.kodo.UnlistedProduct@7582ff54]" name="unlistedproduct" duration-ms="4176" started-at="2020-05-24T06:24:26 IST" data-provider="unlistedproduct" finished-at="2020-05-24T06:24:30 IST">
          <params>
            <param index="0">
              <value>
                <![CDATA[bedsheets]]>
              </value>
            </param>
          </params>
          <reporter-output>
          </reporter-output>
        </test-method> <!-- unlistedproduct -->
        <test-method status="PASS" signature="afterEachMethod()[pri:0, instance:SearchFunctionality.kodo.UnlistedProduct@7582ff54]" name="afterEachMethod" is-config="true" duration-ms="2004" started-at="2020-05-24T06:24:30 IST" finished-at="2020-05-24T06:24:32 IST">
          <reporter-output>
          </reporter-output>
        </test-method> <!-- afterEachMethod -->
        <test-method status="PASS" signature="unlistedproduct(java.lang.String)[pri:0, instance:SearchFunctionality.kodo.UnlistedProduct@7582ff54]" name="unlistedproduct" duration-ms="3697" started-at="2020-05-24T06:24:32 IST" data-provider="unlistedproduct" finished-at="2020-05-24T06:24:36 IST">
          <params>
            <param index="0">
              <value>
                <![CDATA[Pillow cover]]>
              </value>
            </param>
          </params>
          <reporter-output>
          </reporter-output>
        </test-method> <!-- unlistedproduct -->
        <test-method status="PASS" signature="afterEachMethod()[pri:0, instance:SearchFunctionality.kodo.UnlistedProduct@7582ff54]" name="afterEachMethod" is-config="true" duration-ms="2002" started-at="2020-05-24T06:24:36 IST" finished-at="2020-05-24T06:24:38 IST">
          <reporter-output>
          </reporter-output>
        </test-method> <!-- afterEachMethod -->
        <test-method status="PASS" signature="unlistedproduct(java.lang.String)[pri:0, instance:SearchFunctionality.kodo.UnlistedProduct@7582ff54]" name="unlistedproduct" duration-ms="3646" started-at="2020-05-24T06:24:38 IST" data-provider="unlistedproduct" finished-at="2020-05-24T06:24:41 IST">
          <params>
            <param index="0">
              <value>
                <![CDATA[utensils]]>
              </value>
            </param>
          </params>
          <reporter-output>
          </reporter-output>
        </test-method> <!-- unlistedproduct -->
        <test-method status="PASS" signature="afterEachMethod()[pri:0, instance:SearchFunctionality.kodo.UnlistedProduct@7582ff54]" name="afterEachMethod" is-config="true" duration-ms="2003" started-at="2020-05-24T06:24:41 IST" finished-at="2020-05-24T06:24:43 IST">
          <reporter-output>
          </reporter-output>
        </test-method> <!-- afterEachMethod -->
        <test-method status="PASS" signature="broserclose()[pri:0, instance:SearchFunctionality.kodo.UnlistedProduct@7582ff54]" name="broserclose" is-config="true" duration-ms="93" started-at="2020-05-24T06:24:43 IST" finished-at="2020-05-24T06:24:43 IST">
          <reporter-output>
          </reporter-output>
        </test-method> <!-- broserclose -->
      </class> <!-- SearchFunctionality.kodo.UnlistedProduct -->
    </test> <!-- Default test -->
  </suite> <!-- Default suite -->
</testng-results>
