<?xml version="1.0" encoding="UTF-8"?>
<testng-results skipped="0" failed="0" ignored="0" total="4" passed="4">
  <reporter-output>
  </reporter-output>
  <suite name="Default suite" duration-ms="24668" started-at="2020-06-07T21:26:21 IST" finished-at="2020-06-07T21:26:45 IST">
    <groups>
    </groups>
    <test name="Default test" duration-ms="24668" started-at="2020-06-07T21:26:21 IST" finished-at="2020-06-07T21:26:45 IST">
      <class name="SearchFunctionality.kodo.BasicSearchFunctionality">
        <test-method status="PASS" signature="browserinitiate()[pri:0, instance:SearchFunctionality.kodo.BasicSearchFunctionality@38aa816f]" name="browserinitiate" is-config="true" duration-ms="18852" started-at="2020-06-07T21:26:21 IST" finished-at="2020-06-07T21:26:40 IST">
          <reporter-output>
          </reporter-output>
        </test-method> <!-- browserinitiate -->
        <test-method status="PASS" signature="blankSearchBar()[pri:0, instance:SearchFunctionality.kodo.BasicSearchFunctionality@38aa816f]" name="blankSearchBar" duration-ms="106" started-at="2020-06-07T21:26:40 IST" finished-at="2020-06-07T21:26:40 IST">
          <reporter-output>
          </reporter-output>
        </test-method> <!-- blankSearchBar -->
        <test-method status="PASS" signature="searchBarVisibility()[pri:0, instance:SearchFunctionality.kodo.BasicSearchFunctionality@38aa816f]" name="searchBarVisibility" duration-ms="144" started-at="2020-06-07T21:26:40 IST" finished-at="2020-06-07T21:26:40 IST">
          <reporter-output>
          </reporter-output>
        </test-method> <!-- searchBarVisibility -->
        <test-method status="PASS" signature="searchButtonKeyboradValidation()[pri:0, instance:SearchFunctionality.kodo.BasicSearchFunctionality@38aa816f]" name="searchButtonKeyboradValidation" duration-ms="3171" started-at="2020-06-07T21:26:40 IST" finished-at="2020-06-07T21:26:43 IST">
          <reporter-output>
          </reporter-output>
        </test-method> <!-- searchButtonKeyboradValidation -->
        <test-method status="PASS" signature="searchButtonValidation()[pri:0, instance:SearchFunctionality.kodo.BasicSearchFunctionality@38aa816f]" name="searchButtonValidation" duration-ms="1964" started-at="2020-06-07T21:26:43 IST" finished-at="2020-06-07T21:26:45 IST">
          <reporter-output>
          </reporter-output>
        </test-method> <!-- searchButtonValidation -->
        <test-method status="PASS" signature="broserclose()[pri:0, instance:SearchFunctionality.kodo.BasicSearchFunctionality@38aa816f]" name="broserclose" is-config="true" duration-ms="144" started-at="2020-06-07T21:26:45 IST" finished-at="2020-06-07T21:26:45 IST">
          <reporter-output>
          </reporter-output>
        </test-method> <!-- broserclose -->
      </class> <!-- SearchFunctionality.kodo.BasicSearchFunctionality -->
    </test> <!-- Default test -->
  </suite> <!-- Default suite -->
</testng-results>
